Determining if the pthread_create exist failed with the following output:
Change Dir: /home/kmsjames/very-big-storage/hojin/pytorch/perfisol/exe_time/build/CMakeFiles/CMakeTmp

Run Build Command:"/usr/bin/make" "cmTC_7d46e/fast"
/usr/bin/make -f CMakeFiles/cmTC_7d46e.dir/build.make CMakeFiles/cmTC_7d46e.dir/build
make[1]: Entering directory '/raid/kmsjames/hojin/pytorch/perfisol/exe_time/build/CMakeFiles/CMakeTmp'
Building C object CMakeFiles/cmTC_7d46e.dir/CheckSymbolExists.c.o
/usr/bin/cc    -o CMakeFiles/cmTC_7d46e.dir/CheckSymbolExists.c.o   -c /home/kmsjames/very-big-storage/hojin/pytorch/perfisol/exe_time/build/CMakeFiles/CMakeTmp/CheckSymbolExists.c
Linking C executable cmTC_7d46e
/usr/bin/cmake -E cmake_link_script CMakeFiles/cmTC_7d46e.dir/link.txt --verbose=1
/usr/bin/cc      -rdynamic CMakeFiles/cmTC_7d46e.dir/CheckSymbolExists.c.o  -o cmTC_7d46e 
CMakeFiles/cmTC_7d46e.dir/CheckSymbolExists.c.o: In function `main':
CheckSymbolExists.c:(.text+0x1b): undefined reference to `pthread_create'
collect2: error: ld returned 1 exit status
CMakeFiles/cmTC_7d46e.dir/build.make:97: recipe for target 'cmTC_7d46e' failed
make[1]: *** [cmTC_7d46e] Error 1
make[1]: Leaving directory '/raid/kmsjames/hojin/pytorch/perfisol/exe_time/build/CMakeFiles/CMakeTmp'
Makefile:126: recipe for target 'cmTC_7d46e/fast' failed
make: *** [cmTC_7d46e/fast] Error 2

File /home/kmsjames/very-big-storage/hojin/pytorch/perfisol/exe_time/build/CMakeFiles/CMakeTmp/CheckSymbolExists.c:
/* */
#include <pthread.h>

int main(int argc, char** argv)
{
  (void)argv;
#ifndef pthread_create
  return ((int*)(&pthread_create))[argc];
#else
  (void)argc;
  return 0;
#endif
}

Determining if the function pthread_create exists in the pthreads failed with the following output:
Change Dir: /home/kmsjames/very-big-storage/hojin/pytorch/perfisol/exe_time/build/CMakeFiles/CMakeTmp

Run Build Command:"/usr/bin/make" "cmTC_7a3f8/fast"
/usr/bin/make -f CMakeFiles/cmTC_7a3f8.dir/build.make CMakeFiles/cmTC_7a3f8.dir/build
make[1]: Entering directory '/raid/kmsjames/hojin/pytorch/perfisol/exe_time/build/CMakeFiles/CMakeTmp'
Building C object CMakeFiles/cmTC_7a3f8.dir/CheckFunctionExists.c.o
/usr/bin/cc   -DCHECK_FUNCTION_EXISTS=pthread_create   -o CMakeFiles/cmTC_7a3f8.dir/CheckFunctionExists.c.o   -c /usr/share/cmake-3.10/Modules/CheckFunctionExists.c
Linking C executable cmTC_7a3f8
/usr/bin/cmake -E cmake_link_script CMakeFiles/cmTC_7a3f8.dir/link.txt --verbose=1
/usr/bin/cc  -DCHECK_FUNCTION_EXISTS=pthread_create    -rdynamic CMakeFiles/cmTC_7a3f8.dir/CheckFunctionExists.c.o  -o cmTC_7a3f8 -lpthreads 
/usr/bin/ld: cannot find -lpthreads
collect2: error: ld returned 1 exit status
CMakeFiles/cmTC_7a3f8.dir/build.make:97: recipe for target 'cmTC_7a3f8' failed
make[1]: *** [cmTC_7a3f8] Error 1
make[1]: Leaving directory '/raid/kmsjames/hojin/pytorch/perfisol/exe_time/build/CMakeFiles/CMakeTmp'
Makefile:126: recipe for target 'cmTC_7a3f8/fast' failed
make: *** [cmTC_7a3f8/fast] Error 2


Determining if the pthread_create exist failed with the following output:
Change Dir: /raid/kmsjames/hojin/pytorch/perfisol/exe_time/build/CMakeFiles/CMakeTmp

Run Build Command:"/usr/bin/make" "cmTC_89174/fast"
/usr/bin/make -f CMakeFiles/cmTC_89174.dir/build.make CMakeFiles/cmTC_89174.dir/build
make[1]: Entering directory '/raid/kmsjames/hojin/pytorch/perfisol/exe_time/build/CMakeFiles/CMakeTmp'
Building C object CMakeFiles/cmTC_89174.dir/CheckSymbolExists.c.o
/usr/bin/cc    -o CMakeFiles/cmTC_89174.dir/CheckSymbolExists.c.o   -c /raid/kmsjames/hojin/pytorch/perfisol/exe_time/build/CMakeFiles/CMakeTmp/CheckSymbolExists.c
Linking C executable cmTC_89174
/usr/bin/cmake -E cmake_link_script CMakeFiles/cmTC_89174.dir/link.txt --verbose=1
/usr/bin/cc      -rdynamic CMakeFiles/cmTC_89174.dir/CheckSymbolExists.c.o  -o cmTC_89174 
CMakeFiles/cmTC_89174.dir/CheckSymbolExists.c.o: In function `main':
CheckSymbolExists.c:(.text+0x1b): undefined reference to `pthread_create'
collect2: error: ld returned 1 exit status
CMakeFiles/cmTC_89174.dir/build.make:97: recipe for target 'cmTC_89174' failed
make[1]: *** [cmTC_89174] Error 1
make[1]: Leaving directory '/raid/kmsjames/hojin/pytorch/perfisol/exe_time/build/CMakeFiles/CMakeTmp'
Makefile:126: recipe for target 'cmTC_89174/fast' failed
make: *** [cmTC_89174/fast] Error 2

File /raid/kmsjames/hojin/pytorch/perfisol/exe_time/build/CMakeFiles/CMakeTmp/CheckSymbolExists.c:
/* */
#include <pthread.h>

int main(int argc, char** argv)
{
  (void)argv;
#ifndef pthread_create
  return ((int*)(&pthread_create))[argc];
#else
  (void)argc;
  return 0;
#endif
}

Determining if the function pthread_create exists in the pthreads failed with the following output:
Change Dir: /raid/kmsjames/hojin/pytorch/perfisol/exe_time/build/CMakeFiles/CMakeTmp

Run Build Command:"/usr/bin/make" "cmTC_fdf16/fast"
/usr/bin/make -f CMakeFiles/cmTC_fdf16.dir/build.make CMakeFiles/cmTC_fdf16.dir/build
make[1]: Entering directory '/raid/kmsjames/hojin/pytorch/perfisol/exe_time/build/CMakeFiles/CMakeTmp'
Building C object CMakeFiles/cmTC_fdf16.dir/CheckFunctionExists.c.o
/usr/bin/cc   -DCHECK_FUNCTION_EXISTS=pthread_create   -o CMakeFiles/cmTC_fdf16.dir/CheckFunctionExists.c.o   -c /usr/share/cmake-3.10/Modules/CheckFunctionExists.c
Linking C executable cmTC_fdf16
/usr/bin/cmake -E cmake_link_script CMakeFiles/cmTC_fdf16.dir/link.txt --verbose=1
/usr/bin/cc  -DCHECK_FUNCTION_EXISTS=pthread_create    -rdynamic CMakeFiles/cmTC_fdf16.dir/CheckFunctionExists.c.o  -o cmTC_fdf16 -lpthreads 
/usr/bin/ld: cannot find -lpthreads
collect2: error: ld returned 1 exit status
CMakeFiles/cmTC_fdf16.dir/build.make:97: recipe for target 'cmTC_fdf16' failed
make[1]: *** [cmTC_fdf16] Error 1
make[1]: Leaving directory '/raid/kmsjames/hojin/pytorch/perfisol/exe_time/build/CMakeFiles/CMakeTmp'
Makefile:126: recipe for target 'cmTC_fdf16/fast' failed
make: *** [cmTC_fdf16/fast] Error 2


Determining if the pthread_create exist failed with the following output:
Change Dir: /home/kmsjames/very-big-storage/hojin/pytorch/perfisol/exe_time/build/CMakeFiles/CMakeTmp

Run Build Command:"/usr/bin/make" "cmTC_09b6b/fast"
/usr/bin/make -f CMakeFiles/cmTC_09b6b.dir/build.make CMakeFiles/cmTC_09b6b.dir/build
make[1]: Entering directory '/raid/kmsjames/hojin/pytorch/perfisol/exe_time/build/CMakeFiles/CMakeTmp'
Building C object CMakeFiles/cmTC_09b6b.dir/CheckSymbolExists.c.o
/usr/bin/cc    -o CMakeFiles/cmTC_09b6b.dir/CheckSymbolExists.c.o   -c /home/kmsjames/very-big-storage/hojin/pytorch/perfisol/exe_time/build/CMakeFiles/CMakeTmp/CheckSymbolExists.c
Linking C executable cmTC_09b6b
/usr/bin/cmake -E cmake_link_script CMakeFiles/cmTC_09b6b.dir/link.txt --verbose=1
/usr/bin/cc      -rdynamic CMakeFiles/cmTC_09b6b.dir/CheckSymbolExists.c.o  -o cmTC_09b6b 
CMakeFiles/cmTC_09b6b.dir/CheckSymbolExists.c.o: In function `main':
CheckSymbolExists.c:(.text+0x1b): undefined reference to `pthread_create'
collect2: error: ld returned 1 exit status
CMakeFiles/cmTC_09b6b.dir/build.make:97: recipe for target 'cmTC_09b6b' failed
make[1]: *** [cmTC_09b6b] Error 1
make[1]: Leaving directory '/raid/kmsjames/hojin/pytorch/perfisol/exe_time/build/CMakeFiles/CMakeTmp'
Makefile:126: recipe for target 'cmTC_09b6b/fast' failed
make: *** [cmTC_09b6b/fast] Error 2

File /home/kmsjames/very-big-storage/hojin/pytorch/perfisol/exe_time/build/CMakeFiles/CMakeTmp/CheckSymbolExists.c:
/* */
#include <pthread.h>

int main(int argc, char** argv)
{
  (void)argv;
#ifndef pthread_create
  return ((int*)(&pthread_create))[argc];
#else
  (void)argc;
  return 0;
#endif
}

Determining if the function pthread_create exists in the pthreads failed with the following output:
Change Dir: /home/kmsjames/very-big-storage/hojin/pytorch/perfisol/exe_time/build/CMakeFiles/CMakeTmp

Run Build Command:"/usr/bin/make" "cmTC_cd583/fast"
/usr/bin/make -f CMakeFiles/cmTC_cd583.dir/build.make CMakeFiles/cmTC_cd583.dir/build
make[1]: Entering directory '/raid/kmsjames/hojin/pytorch/perfisol/exe_time/build/CMakeFiles/CMakeTmp'
Building C object CMakeFiles/cmTC_cd583.dir/CheckFunctionExists.c.o
/usr/bin/cc   -DCHECK_FUNCTION_EXISTS=pthread_create   -o CMakeFiles/cmTC_cd583.dir/CheckFunctionExists.c.o   -c /usr/share/cmake-3.10/Modules/CheckFunctionExists.c
Linking C executable cmTC_cd583
/usr/bin/cmake -E cmake_link_script CMakeFiles/cmTC_cd583.dir/link.txt --verbose=1
/usr/bin/cc  -DCHECK_FUNCTION_EXISTS=pthread_create    -rdynamic CMakeFiles/cmTC_cd583.dir/CheckFunctionExists.c.o  -o cmTC_cd583 -lpthreads 
/usr/bin/ld: cannot find -lpthreads
collect2: error: ld returned 1 exit status
CMakeFiles/cmTC_cd583.dir/build.make:97: recipe for target 'cmTC_cd583' failed
make[1]: *** [cmTC_cd583] Error 1
make[1]: Leaving directory '/raid/kmsjames/hojin/pytorch/perfisol/exe_time/build/CMakeFiles/CMakeTmp'
Makefile:126: recipe for target 'cmTC_cd583/fast' failed
make: *** [cmTC_cd583/fast] Error 2


Determining if the pthread_create exist failed with the following output:
Change Dir: /home/kmsjames/very-big-storage/hojin/pytorch/perfisol/exe_time/build/CMakeFiles/CMakeTmp

Run Build Command:"/usr/bin/make" "cmTC_304ce/fast"
/usr/bin/make -f CMakeFiles/cmTC_304ce.dir/build.make CMakeFiles/cmTC_304ce.dir/build
make[1]: Entering directory '/raid/kmsjames/hojin/pytorch/perfisol/exe_time/build/CMakeFiles/CMakeTmp'
Building C object CMakeFiles/cmTC_304ce.dir/CheckSymbolExists.c.o
/usr/bin/cc    -o CMakeFiles/cmTC_304ce.dir/CheckSymbolExists.c.o   -c /home/kmsjames/very-big-storage/hojin/pytorch/perfisol/exe_time/build/CMakeFiles/CMakeTmp/CheckSymbolExists.c
Linking C executable cmTC_304ce
/usr/bin/cmake -E cmake_link_script CMakeFiles/cmTC_304ce.dir/link.txt --verbose=1
/usr/bin/cc      -rdynamic CMakeFiles/cmTC_304ce.dir/CheckSymbolExists.c.o  -o cmTC_304ce 
CMakeFiles/cmTC_304ce.dir/CheckSymbolExists.c.o: In function `main':
CheckSymbolExists.c:(.text+0x1b): undefined reference to `pthread_create'
collect2: error: ld returned 1 exit status
CMakeFiles/cmTC_304ce.dir/build.make:97: recipe for target 'cmTC_304ce' failed
make[1]: *** [cmTC_304ce] Error 1
make[1]: Leaving directory '/raid/kmsjames/hojin/pytorch/perfisol/exe_time/build/CMakeFiles/CMakeTmp'
Makefile:126: recipe for target 'cmTC_304ce/fast' failed
make: *** [cmTC_304ce/fast] Error 2

File /home/kmsjames/very-big-storage/hojin/pytorch/perfisol/exe_time/build/CMakeFiles/CMakeTmp/CheckSymbolExists.c:
/* */
#include <pthread.h>

int main(int argc, char** argv)
{
  (void)argv;
#ifndef pthread_create
  return ((int*)(&pthread_create))[argc];
#else
  (void)argc;
  return 0;
#endif
}

Determining if the function pthread_create exists in the pthreads failed with the following output:
Change Dir: /home/kmsjames/very-big-storage/hojin/pytorch/perfisol/exe_time/build/CMakeFiles/CMakeTmp

Run Build Command:"/usr/bin/make" "cmTC_28432/fast"
/usr/bin/make -f CMakeFiles/cmTC_28432.dir/build.make CMakeFiles/cmTC_28432.dir/build
make[1]: Entering directory '/raid/kmsjames/hojin/pytorch/perfisol/exe_time/build/CMakeFiles/CMakeTmp'
Building C object CMakeFiles/cmTC_28432.dir/CheckFunctionExists.c.o
/usr/bin/cc   -DCHECK_FUNCTION_EXISTS=pthread_create   -o CMakeFiles/cmTC_28432.dir/CheckFunctionExists.c.o   -c /usr/share/cmake-3.10/Modules/CheckFunctionExists.c
Linking C executable cmTC_28432
/usr/bin/cmake -E cmake_link_script CMakeFiles/cmTC_28432.dir/link.txt --verbose=1
/usr/bin/cc  -DCHECK_FUNCTION_EXISTS=pthread_create    -rdynamic CMakeFiles/cmTC_28432.dir/CheckFunctionExists.c.o  -o cmTC_28432 -lpthreads 
/usr/bin/ld: cannot find -lpthreads
collect2: error: ld returned 1 exit status
CMakeFiles/cmTC_28432.dir/build.make:97: recipe for target 'cmTC_28432' failed
make[1]: *** [cmTC_28432] Error 1
make[1]: Leaving directory '/raid/kmsjames/hojin/pytorch/perfisol/exe_time/build/CMakeFiles/CMakeTmp'
Makefile:126: recipe for target 'cmTC_28432/fast' failed
make: *** [cmTC_28432/fast] Error 2


Determining if the pthread_create exist failed with the following output:
Change Dir: /home/kmsjames/very-big-storage/hojin/pytorch/perfisol/exe_time/build/CMakeFiles/CMakeTmp

Run Build Command:"/usr/bin/make" "cmTC_e866f/fast"
/usr/bin/make -f CMakeFiles/cmTC_e866f.dir/build.make CMakeFiles/cmTC_e866f.dir/build
make[1]: Entering directory '/raid/kmsjames/hojin/pytorch/perfisol/exe_time/build/CMakeFiles/CMakeTmp'
Building C object CMakeFiles/cmTC_e866f.dir/CheckSymbolExists.c.o
/usr/bin/cc    -o CMakeFiles/cmTC_e866f.dir/CheckSymbolExists.c.o   -c /home/kmsjames/very-big-storage/hojin/pytorch/perfisol/exe_time/build/CMakeFiles/CMakeTmp/CheckSymbolExists.c
Linking C executable cmTC_e866f
/usr/bin/cmake -E cmake_link_script CMakeFiles/cmTC_e866f.dir/link.txt --verbose=1
/usr/bin/cc      -rdynamic CMakeFiles/cmTC_e866f.dir/CheckSymbolExists.c.o  -o cmTC_e866f 
CMakeFiles/cmTC_e866f.dir/CheckSymbolExists.c.o: In function `main':
CheckSymbolExists.c:(.text+0x1b): undefined reference to `pthread_create'
collect2: error: ld returned 1 exit status
CMakeFiles/cmTC_e866f.dir/build.make:97: recipe for target 'cmTC_e866f' failed
make[1]: *** [cmTC_e866f] Error 1
make[1]: Leaving directory '/raid/kmsjames/hojin/pytorch/perfisol/exe_time/build/CMakeFiles/CMakeTmp'
Makefile:126: recipe for target 'cmTC_e866f/fast' failed
make: *** [cmTC_e866f/fast] Error 2

File /home/kmsjames/very-big-storage/hojin/pytorch/perfisol/exe_time/build/CMakeFiles/CMakeTmp/CheckSymbolExists.c:
/* */
#include <pthread.h>

int main(int argc, char** argv)
{
  (void)argv;
#ifndef pthread_create
  return ((int*)(&pthread_create))[argc];
#else
  (void)argc;
  return 0;
#endif
}

Determining if the function pthread_create exists in the pthreads failed with the following output:
Change Dir: /home/kmsjames/very-big-storage/hojin/pytorch/perfisol/exe_time/build/CMakeFiles/CMakeTmp

Run Build Command:"/usr/bin/make" "cmTC_871be/fast"
/usr/bin/make -f CMakeFiles/cmTC_871be.dir/build.make CMakeFiles/cmTC_871be.dir/build
make[1]: Entering directory '/raid/kmsjames/hojin/pytorch/perfisol/exe_time/build/CMakeFiles/CMakeTmp'
Building C object CMakeFiles/cmTC_871be.dir/CheckFunctionExists.c.o
/usr/bin/cc   -DCHECK_FUNCTION_EXISTS=pthread_create   -o CMakeFiles/cmTC_871be.dir/CheckFunctionExists.c.o   -c /usr/share/cmake-3.10/Modules/CheckFunctionExists.c
Linking C executable cmTC_871be
/usr/bin/cmake -E cmake_link_script CMakeFiles/cmTC_871be.dir/link.txt --verbose=1
/usr/bin/cc  -DCHECK_FUNCTION_EXISTS=pthread_create    -rdynamic CMakeFiles/cmTC_871be.dir/CheckFunctionExists.c.o  -o cmTC_871be -lpthreads 
/usr/bin/ld: cannot find -lpthreads
collect2: error: ld returned 1 exit status
CMakeFiles/cmTC_871be.dir/build.make:97: recipe for target 'cmTC_871be' failed
make[1]: *** [cmTC_871be] Error 1
make[1]: Leaving directory '/raid/kmsjames/hojin/pytorch/perfisol/exe_time/build/CMakeFiles/CMakeTmp'
Makefile:126: recipe for target 'cmTC_871be/fast' failed
make: *** [cmTC_871be/fast] Error 2


Determining if the pthread_create exist failed with the following output:
Change Dir: /home/kmsjames/very-big-storage/hojin/pytorch/perfisol/exe_time/build/CMakeFiles/CMakeTmp

Run Build Command:"/usr/bin/make" "cmTC_b34ec/fast"
make[1]: Entering directory '/raid/kmsjames/hojin/pytorch/perfisol/exe_time/build/CMakeFiles/CMakeTmp'
/usr/bin/make -f CMakeFiles/cmTC_b34ec.dir/build.make CMakeFiles/cmTC_b34ec.dir/build
make[2]: Entering directory '/raid/kmsjames/hojin/pytorch/perfisol/exe_time/build/CMakeFiles/CMakeTmp'
Building C object CMakeFiles/cmTC_b34ec.dir/CheckSymbolExists.c.o
/usr/bin/cc    -o CMakeFiles/cmTC_b34ec.dir/CheckSymbolExists.c.o   -c /home/kmsjames/very-big-storage/hojin/pytorch/perfisol/exe_time/build/CMakeFiles/CMakeTmp/CheckSymbolExists.c
Linking C executable cmTC_b34ec
/usr/bin/cmake -E cmake_link_script CMakeFiles/cmTC_b34ec.dir/link.txt --verbose=1
/usr/bin/cc      -rdynamic CMakeFiles/cmTC_b34ec.dir/CheckSymbolExists.c.o  -o cmTC_b34ec 
CMakeFiles/cmTC_b34ec.dir/CheckSymbolExists.c.o: In function `main':
CheckSymbolExists.c:(.text+0x1b): undefined reference to `pthread_create'
collect2: error: ld returned 1 exit status
CMakeFiles/cmTC_b34ec.dir/build.make:97: recipe for target 'cmTC_b34ec' failed
make[2]: *** [cmTC_b34ec] Error 1
make[2]: Leaving directory '/raid/kmsjames/hojin/pytorch/perfisol/exe_time/build/CMakeFiles/CMakeTmp'
Makefile:126: recipe for target 'cmTC_b34ec/fast' failed
make[1]: *** [cmTC_b34ec/fast] Error 2
make[1]: Leaving directory '/raid/kmsjames/hojin/pytorch/perfisol/exe_time/build/CMakeFiles/CMakeTmp'

File /home/kmsjames/very-big-storage/hojin/pytorch/perfisol/exe_time/build/CMakeFiles/CMakeTmp/CheckSymbolExists.c:
/* */
#include <pthread.h>

int main(int argc, char** argv)
{
  (void)argv;
#ifndef pthread_create
  return ((int*)(&pthread_create))[argc];
#else
  (void)argc;
  return 0;
#endif
}

Determining if the function pthread_create exists in the pthreads failed with the following output:
Change Dir: /home/kmsjames/very-big-storage/hojin/pytorch/perfisol/exe_time/build/CMakeFiles/CMakeTmp

Run Build Command:"/usr/bin/make" "cmTC_441b9/fast"
make[1]: Entering directory '/raid/kmsjames/hojin/pytorch/perfisol/exe_time/build/CMakeFiles/CMakeTmp'
/usr/bin/make -f CMakeFiles/cmTC_441b9.dir/build.make CMakeFiles/cmTC_441b9.dir/build
make[2]: Entering directory '/raid/kmsjames/hojin/pytorch/perfisol/exe_time/build/CMakeFiles/CMakeTmp'
Building C object CMakeFiles/cmTC_441b9.dir/CheckFunctionExists.c.o
/usr/bin/cc   -DCHECK_FUNCTION_EXISTS=pthread_create   -o CMakeFiles/cmTC_441b9.dir/CheckFunctionExists.c.o   -c /usr/share/cmake-3.10/Modules/CheckFunctionExists.c
Linking C executable cmTC_441b9
/usr/bin/cmake -E cmake_link_script CMakeFiles/cmTC_441b9.dir/link.txt --verbose=1
/usr/bin/cc  -DCHECK_FUNCTION_EXISTS=pthread_create    -rdynamic CMakeFiles/cmTC_441b9.dir/CheckFunctionExists.c.o  -o cmTC_441b9 -lpthreads 
/usr/bin/ld: cannot find -lpthreads
collect2: error: ld returned 1 exit status
CMakeFiles/cmTC_441b9.dir/build.make:97: recipe for target 'cmTC_441b9' failed
make[2]: *** [cmTC_441b9] Error 1
make[2]: Leaving directory '/raid/kmsjames/hojin/pytorch/perfisol/exe_time/build/CMakeFiles/CMakeTmp'
Makefile:126: recipe for target 'cmTC_441b9/fast' failed
make[1]: *** [cmTC_441b9/fast] Error 2
make[1]: Leaving directory '/raid/kmsjames/hojin/pytorch/perfisol/exe_time/build/CMakeFiles/CMakeTmp'


Determining if the pthread_create exist failed with the following output:
Change Dir: /home/kmsjames/very-big-storage/hojin/pytorch/perfisol/exe_time/build/CMakeFiles/CMakeTmp

Run Build Command:"/usr/bin/make" "cmTC_0ee56/fast"
/usr/bin/make -f CMakeFiles/cmTC_0ee56.dir/build.make CMakeFiles/cmTC_0ee56.dir/build
make[1]: Entering directory '/raid/kmsjames/hojin/pytorch/perfisol/exe_time/build/CMakeFiles/CMakeTmp'
Building C object CMakeFiles/cmTC_0ee56.dir/CheckSymbolExists.c.o
/usr/bin/cc    -o CMakeFiles/cmTC_0ee56.dir/CheckSymbolExists.c.o   -c /home/kmsjames/very-big-storage/hojin/pytorch/perfisol/exe_time/build/CMakeFiles/CMakeTmp/CheckSymbolExists.c
Linking C executable cmTC_0ee56
/usr/bin/cmake -E cmake_link_script CMakeFiles/cmTC_0ee56.dir/link.txt --verbose=1
/usr/bin/cc      -rdynamic CMakeFiles/cmTC_0ee56.dir/CheckSymbolExists.c.o  -o cmTC_0ee56 
CMakeFiles/cmTC_0ee56.dir/CheckSymbolExists.c.o: In function `main':
CheckSymbolExists.c:(.text+0x1b): undefined reference to `pthread_create'
collect2: error: ld returned 1 exit status
CMakeFiles/cmTC_0ee56.dir/build.make:97: recipe for target 'cmTC_0ee56' failed
make[1]: *** [cmTC_0ee56] Error 1
make[1]: Leaving directory '/raid/kmsjames/hojin/pytorch/perfisol/exe_time/build/CMakeFiles/CMakeTmp'
Makefile:126: recipe for target 'cmTC_0ee56/fast' failed
make: *** [cmTC_0ee56/fast] Error 2

File /home/kmsjames/very-big-storage/hojin/pytorch/perfisol/exe_time/build/CMakeFiles/CMakeTmp/CheckSymbolExists.c:
/* */
#include <pthread.h>

int main(int argc, char** argv)
{
  (void)argv;
#ifndef pthread_create
  return ((int*)(&pthread_create))[argc];
#else
  (void)argc;
  return 0;
#endif
}

Determining if the function pthread_create exists in the pthreads failed with the following output:
Change Dir: /home/kmsjames/very-big-storage/hojin/pytorch/perfisol/exe_time/build/CMakeFiles/CMakeTmp

Run Build Command:"/usr/bin/make" "cmTC_ec635/fast"
/usr/bin/make -f CMakeFiles/cmTC_ec635.dir/build.make CMakeFiles/cmTC_ec635.dir/build
make[1]: Entering directory '/raid/kmsjames/hojin/pytorch/perfisol/exe_time/build/CMakeFiles/CMakeTmp'
Building C object CMakeFiles/cmTC_ec635.dir/CheckFunctionExists.c.o
/usr/bin/cc   -DCHECK_FUNCTION_EXISTS=pthread_create   -o CMakeFiles/cmTC_ec635.dir/CheckFunctionExists.c.o   -c /usr/share/cmake-3.10/Modules/CheckFunctionExists.c
Linking C executable cmTC_ec635
/usr/bin/cmake -E cmake_link_script CMakeFiles/cmTC_ec635.dir/link.txt --verbose=1
/usr/bin/cc  -DCHECK_FUNCTION_EXISTS=pthread_create    -rdynamic CMakeFiles/cmTC_ec635.dir/CheckFunctionExists.c.o  -o cmTC_ec635 -lpthreads 
/usr/bin/ld: cannot find -lpthreads
collect2: error: ld returned 1 exit status
CMakeFiles/cmTC_ec635.dir/build.make:97: recipe for target 'cmTC_ec635' failed
make[1]: *** [cmTC_ec635] Error 1
make[1]: Leaving directory '/raid/kmsjames/hojin/pytorch/perfisol/exe_time/build/CMakeFiles/CMakeTmp'
Makefile:126: recipe for target 'cmTC_ec635/fast' failed
make: *** [cmTC_ec635/fast] Error 2


Determining if the pthread_create exist failed with the following output:
Change Dir: /home/kmsjames/very-big-storage/hojin/pytorch/perfisol/exe_time/build/CMakeFiles/CMakeTmp

Run Build Command:"/usr/bin/make" "cmTC_f1b9a/fast"
/usr/bin/make -f CMakeFiles/cmTC_f1b9a.dir/build.make CMakeFiles/cmTC_f1b9a.dir/build
make[1]: Entering directory '/raid/kmsjames/hojin/pytorch/perfisol/exe_time/build/CMakeFiles/CMakeTmp'
Building C object CMakeFiles/cmTC_f1b9a.dir/CheckSymbolExists.c.o
/usr/bin/cc    -o CMakeFiles/cmTC_f1b9a.dir/CheckSymbolExists.c.o   -c /home/kmsjames/very-big-storage/hojin/pytorch/perfisol/exe_time/build/CMakeFiles/CMakeTmp/CheckSymbolExists.c
Linking C executable cmTC_f1b9a
/usr/bin/cmake -E cmake_link_script CMakeFiles/cmTC_f1b9a.dir/link.txt --verbose=1
/usr/bin/cc      -rdynamic CMakeFiles/cmTC_f1b9a.dir/CheckSymbolExists.c.o  -o cmTC_f1b9a 
CMakeFiles/cmTC_f1b9a.dir/CheckSymbolExists.c.o: In function `main':
CheckSymbolExists.c:(.text+0x1b): undefined reference to `pthread_create'
collect2: error: ld returned 1 exit status
CMakeFiles/cmTC_f1b9a.dir/build.make:97: recipe for target 'cmTC_f1b9a' failed
make[1]: *** [cmTC_f1b9a] Error 1
make[1]: Leaving directory '/raid/kmsjames/hojin/pytorch/perfisol/exe_time/build/CMakeFiles/CMakeTmp'
Makefile:126: recipe for target 'cmTC_f1b9a/fast' failed
make: *** [cmTC_f1b9a/fast] Error 2

File /home/kmsjames/very-big-storage/hojin/pytorch/perfisol/exe_time/build/CMakeFiles/CMakeTmp/CheckSymbolExists.c:
/* */
#include <pthread.h>

int main(int argc, char** argv)
{
  (void)argv;
#ifndef pthread_create
  return ((int*)(&pthread_create))[argc];
#else
  (void)argc;
  return 0;
#endif
}

Determining if the function pthread_create exists in the pthreads failed with the following output:
Change Dir: /home/kmsjames/very-big-storage/hojin/pytorch/perfisol/exe_time/build/CMakeFiles/CMakeTmp

Run Build Command:"/usr/bin/make" "cmTC_d02bd/fast"
/usr/bin/make -f CMakeFiles/cmTC_d02bd.dir/build.make CMakeFiles/cmTC_d02bd.dir/build
make[1]: Entering directory '/raid/kmsjames/hojin/pytorch/perfisol/exe_time/build/CMakeFiles/CMakeTmp'
Building C object CMakeFiles/cmTC_d02bd.dir/CheckFunctionExists.c.o
/usr/bin/cc   -DCHECK_FUNCTION_EXISTS=pthread_create   -o CMakeFiles/cmTC_d02bd.dir/CheckFunctionExists.c.o   -c /usr/share/cmake-3.10/Modules/CheckFunctionExists.c
Linking C executable cmTC_d02bd
/usr/bin/cmake -E cmake_link_script CMakeFiles/cmTC_d02bd.dir/link.txt --verbose=1
/usr/bin/cc  -DCHECK_FUNCTION_EXISTS=pthread_create    -rdynamic CMakeFiles/cmTC_d02bd.dir/CheckFunctionExists.c.o  -o cmTC_d02bd -lpthreads 
/usr/bin/ld: cannot find -lpthreads
collect2: error: ld returned 1 exit status
CMakeFiles/cmTC_d02bd.dir/build.make:97: recipe for target 'cmTC_d02bd' failed
make[1]: *** [cmTC_d02bd] Error 1
make[1]: Leaving directory '/raid/kmsjames/hojin/pytorch/perfisol/exe_time/build/CMakeFiles/CMakeTmp'
Makefile:126: recipe for target 'cmTC_d02bd/fast' failed
make: *** [cmTC_d02bd/fast] Error 2


